<?xml version="1.0" encoding="utf-8"?><testsuites name="pytest tests"><testsuite name="pytest" errors="0" failures="3" skipped="0" tests="9" time="21.590" timestamp="2026-02-07T13:48:57.745049+00:00" hostname="agent-env-7164d148-229b-4c24-897a-fe38acf9241a"><testcase classname="tests.test_auth_api.TestAuthEndpoints" name="test_login_success" time="4.358" /><testcase classname="tests.test_auth_api.TestAuthEndpoints" name="test_login_invalid_password" time="2.159" /><testcase classname="tests.test_auth_api.TestAuthEndpoints" name="test_login_invalid_email" time="2.131" /><testcase classname="tests.test_auth_api.TestAuthEndpoints" name="test_login_director_role" time="4.295" /><testcase classname="tests.test_auth_api.TestAuthEndpoints" name="test_auth_me_without_token" time="0.048" /><testcase classname="tests.test_auth_api.TestAuthEndpoints" name="test_auth_me_with_invalid_token" time="2.124" /><testcase classname="tests.test_auth_api.TestDashboardEndpoints" name="test_dashboard_kpis" time="2.148"><failure message="assert 520 in [200, 401]&#10; +  where 520 = &lt;Response [520]&gt;.status_code">tests/test_auth_api.py:90: in test_dashboard_kpis
    assert response.status_code in [200, 401]
E   assert 520 in [200, 401]
E    +  where 520 = &lt;Response [520]&gt;.status_code</failure></testcase><testcase classname="tests.test_auth_api.TestTeamEndpoints" name="test_get_team_members" time="2.102"><failure message="assert 520 in [200, 401]&#10; +  where 520 = &lt;Response [520]&gt;.status_code">tests/test_auth_api.py:100: in test_get_team_members
    assert response.status_code in [200, 401]
E   assert 520 in [200, 401]
E    +  where 520 = &lt;Response [520]&gt;.status_code</failure></testcase><testcase classname="tests.test_auth_api.TestAuthUsers" name="test_get_all_users" time="2.127"><failure message="assert 520 in [200, 401]&#10; +  where 520 = &lt;Response [520]&gt;.status_code">tests/test_auth_api.py:110: in test_get_all_users
    assert response.status_code in [200, 401]
E   assert 520 in [200, 401]
E    +  where 520 = &lt;Response [520]&gt;.status_code</failure></testcase></testsuite></testsuites>