<?xml version="1.0" encoding="utf-8"?><testsuites name="pytest tests"><testsuite name="pytest" errors="0" failures="0" skipped="0" tests="4" time="0.427" timestamp="2026-02-07T02:39:01.106936+00:00" hostname="agent-env-2bf2d3e8-54f6-486d-a76d-036bbf9bb597"><testcase classname="tests.test_whatsapp_api.TestWhatsAppAPI" name="test_whatsapp_status_endpoint" time="0.069" /><testcase classname="tests.test_whatsapp_api.TestWhatsAppAPI" name="test_whatsapp_test_connection_endpoint" time="0.244" /><testcase classname="tests.test_whatsapp_api.TestGoogleOAuthRedirect" name="test_auth_redirect_url_format" time="0.000" /><testcase classname="tests.test_whatsapp_api.TestHealthCheck" name="test_api_health" time="0.046" /></testsuite></testsuites>